[debug] [2021-09-28T18:51:20.592Z] ----------------------------------------------------------------------
[debug] [2021-09-28T18:51:20.595Z] Command:       C:\Program Files\nodejs\node.exe C:\Users\artti\AppData\Roaming\npm\node_modules\firebase-tools\lib\bin\firebase.js init
[debug] [2021-09-28T18:51:20.596Z] CLI Version:   9.18.0
[debug] [2021-09-28T18:51:20.596Z] Platform:      win32
[debug] [2021-09-28T18:51:20.596Z] Node Version:  v12.14.1
[debug] [2021-09-28T18:51:20.597Z] Time:          Tue Sep 28 2021 21:51:20 GMT+0300 (GMT+03:00)
[debug] [2021-09-28T18:51:20.598Z] ----------------------------------------------------------------------
[debug] 
[debug] [2021-09-28T18:51:20.672Z] > command requires scopes: ["email","openid","https://www.googleapis.com/auth/cloudplatformprojects.readonly","https://www.googleapis.com/auth/firebase","https://www.googleapis.com/auth/cloud-platform"]
[debug] [2021-09-28T18:51:20.672Z] > authorizing via signed-in user (art.timerkhanov@gmail.com)
[info] 
     ######## #### ########  ######## ########     ###     ######  ########
     ##        ##  ##     ## ##       ##     ##  ##   ##  ##       ##
     ######    ##  ########  ######   ########  #########  ######  ######
     ##        ##  ##    ##  ##       ##     ## ##     ##       ## ##
     ##       #### ##     ## ######## ########  ##     ##  ######  ########

You're about to initialize a Firebase project in this directory:

  C:\OpenServer\OSPanel\domains\spa-vue

Before we get started, keep in mind:

  * You are currently outside your home directory
  * You are initializing within an existing Firebase project directory

